[2021-08-06T15:05:42.593] [INFO] pinus - [connector-server-1 application.js] application inited: "connector-server-1"
[2021-08-06T15:05:42.658] [DEBUG] pinus - [connector-server-1 protobuf.js] ProtobufComponent options: { encoderCacheSize: 5242880, decodeCheckMsg: true }
[2021-08-06T15:05:42.663] [INFO] pinus - [connector-server-1 application.js] "connector-server-1" enter before start...
[2021-08-06T15:05:42.664] [INFO] pinus - [connector-server-1 application.js] "connector-server-1" enter start...
[2021-08-06T15:05:42.664] [INFO] logger - [connector-server-1 console] TestComponent  start connector-server-1
[2021-08-06T15:05:42.668] [WARN] logger - [connector-server-1 console] after start all server, use route dictionary :
 
[2021-08-06T15:05:42.670] [INFO] logger - [connector-server-1 console] !!! crons config loaded
[2021-08-06T15:05:42.707] [INFO] pinus - [connector-server-1 application.js] "connector-server-1" enter after start...
[2021-08-06T15:05:42.709] [INFO] pinus - [connector-server-1 application.js] "connector-server-1" finish start
[2021-08-06T15:05:42.709] [INFO] pinus - [connector-server-1 application.js] "connector-server-1" startup in 106 ms
[2021-08-06T16:10:44.121] [INFO] pinus - [connector-server-1 application.js] application inited: "connector-server-1"
[2021-08-06T16:10:44.124] [INFO] logger - [connector-server-1 console] is not master
[2021-08-06T16:10:44.176] [DEBUG] pinus - [connector-server-1 protobuf.js] ProtobufComponent options: { encoderCacheSize: 5242880, decodeCheckMsg: true }
[2021-08-06T16:10:44.180] [INFO] pinus - [connector-server-1 application.js] "connector-server-1" enter before start...
[2021-08-06T16:10:44.181] [INFO] pinus - [connector-server-1 application.js] "connector-server-1" enter start...
[2021-08-06T16:10:44.181] [INFO] logger - [connector-server-1 console] TestComponent  start connector-server-1
[2021-08-06T16:10:44.186] [WARN] logger - [connector-server-1 console] after start all server, use route dictionary :
 
[2021-08-06T16:10:44.188] [INFO] logger - [connector-server-1 console] !!! crons config loaded
[2021-08-06T16:10:44.229] [INFO] pinus - [connector-server-1 application.js] "connector-server-1" enter after start...
[2021-08-06T16:10:44.232] [INFO] pinus - [connector-server-1 application.js] "connector-server-1" finish start
[2021-08-06T16:10:44.232] [INFO] pinus - [connector-server-1 application.js] "connector-server-1" startup in 108 ms
[2021-08-06T16:11:48.018] [INFO] pinus - [connector-server-1 protobuf.js] change proto file , type : "client", path : "D:\\WorkFlowFlow\\websocket-chat-ts-run\\game-server\\dist\\config\\clientProtos.js", version : "z1COKCrXL3hCx6C95RXY3Q=="
[2021-08-06T16:11:48.030] [INFO] pinus - [connector-server-1 protobuf.js] change proto file , type : "server", path : "D:\\WorkFlowFlow\\websocket-chat-ts-run\\game-server\\dist\\config\\serverProtos.js", version : "z1COKCrXL3hCx6C95RXY3Q=="
[2021-08-06T17:28:55.769] [INFO] pinus - [connector-server-1 protobuf.js] change proto file , type : "server", path : "D:\\WorkFlowFlow\\websocket-chat-ts-run\\game-server\\dist\\config\\serverProtos.js", version : "z1COKCrXL3hCx6C95RXY3Q=="
[2021-08-06T17:28:55.773] [INFO] pinus - [connector-server-1 protobuf.js] change proto file , type : "client", path : "D:\\WorkFlowFlow\\websocket-chat-ts-run\\game-server\\dist\\config\\clientProtos.js", version : "z1COKCrXL3hCx6C95RXY3Q=="
[2021-08-09T10:52:30.195] [INFO] pinus - [connector-server-1 protobuf.js] change proto file , type : "client", path : "D:\\WorkFlowFlow\\websocket-chat-ts-run\\game-server\\dist\\config\\clientProtos.js", version : "z1COKCrXL3hCx6C95RXY3Q=="
[2021-08-09T10:52:30.220] [INFO] pinus - [connector-server-1 protobuf.js] change proto file , type : "server", path : "D:\\WorkFlowFlow\\websocket-chat-ts-run\\game-server\\dist\\config\\serverProtos.js", version : "z1COKCrXL3hCx6C95RXY3Q=="
[2021-08-13T13:16:17.630] [INFO] pinus - [connector-server-1 protobuf.js] change proto file , type : "client", path : "D:\\WorkFlowFlow\\websocket-chat-ts-run\\game-server\\dist\\config\\clientProtos.js", version : "z1COKCrXL3hCx6C95RXY3Q=="
[2021-08-13T13:16:17.633] [INFO] pinus - [connector-server-1 protobuf.js] change proto file , type : "server", path : "D:\\WorkFlowFlow\\websocket-chat-ts-run\\game-server\\dist\\config\\serverProtos.js", version : "z1COKCrXL3hCx6C95RXY3Q=="
[2021-08-13T13:21:14.155] [DEBUG] pinus - [connector-server-1 monitorwatcher.js] connector-server-1 receive removeServer signal: {"action":"removeServer","id":"gate-server-1"}
[2021-08-13T13:21:19.127] [DEBUG] pinus - [connector-server-1 monitorwatcher.js] connector-server-1 receive removeServer signal: {"action":"removeServer","id":"chat-server-1"}
[2021-08-13T13:38:10.400] [INFO] pinus - [connector-server-1 application.js] application inited: "connector-server-1"
[2021-08-13T13:38:10.407] [INFO] logger - [connector-server-1 console] is not master
[2021-08-13T13:38:10.448] [DEBUG] pinus - [connector-server-1 protobuf.js] ProtobufComponent options: { encoderCacheSize: 5242880, decodeCheckMsg: true }
[2021-08-13T13:38:10.452] [INFO] pinus - [connector-server-1 application.js] "connector-server-1" enter before start...
[2021-08-13T13:38:10.453] [INFO] pinus - [connector-server-1 application.js] "connector-server-1" enter start...
[2021-08-13T13:38:10.453] [INFO] logger - [connector-server-1 console] TestComponent  start connector-server-1
[2021-08-13T13:38:10.474] [WARN] logger - [connector-server-1 console] after start all server, use route dictionary :
 
[2021-08-13T13:38:10.475] [INFO] logger - [connector-server-1 console] !!! crons config loaded
[2021-08-13T13:38:10.507] [INFO] pinus - [connector-server-1 application.js] "connector-server-1" enter after start...
[2021-08-13T13:38:10.509] [INFO] pinus - [connector-server-1 application.js] "connector-server-1" finish start
[2021-08-13T13:38:10.509] [INFO] pinus - [connector-server-1 application.js] "connector-server-1" startup in 102 ms
