[2021-08-06T15:05:42.600] [INFO] pinus - [gate-server-1 application.js] application inited: "gate-server-1"
[2021-08-06T15:05:42.604] [DEBUG] pinus - [gate-server-1 protobuf.js] ProtobufComponent options: {}
[2021-08-06T15:05:42.609] [INFO] pinus - [gate-server-1 application.js] "gate-server-1" enter before start...
[2021-08-06T15:05:42.609] [INFO] pinus - [gate-server-1 application.js] "gate-server-1" enter start...
[2021-08-06T15:05:42.609] [INFO] logger - [gate-server-1 console] TestComponent  start gate-server-1
[2021-08-06T15:05:42.611] [INFO] logger - [gate-server-1 console] !!! crons config loaded
[2021-08-06T15:05:42.663] [INFO] pinus - [gate-server-1 application.js] "gate-server-1" enter after start...
[2021-08-06T15:05:42.666] [INFO] pinus - [gate-server-1 application.js] "gate-server-1" finish start
[2021-08-06T15:05:42.666] [INFO] pinus - [gate-server-1 application.js] "gate-server-1" startup in 63 ms
[2021-08-06T15:05:42.667] [DEBUG] pinus - [gate-server-1 monitorwatcher.js] [gate-server-1] receive addServer signal: {"action":"addServer","server":{"main":"D:\\WorkFlowFlow\\websocket-chat-ts-run\\game-server\\dist\\app","env":"development","id":"chat-server-1","host":"127.0.0.1","port":6050,"args":"--inspect=10002","serverType":"chat","remoterPaths":[{"namespace":"sys","serverType":"chat","path":"D:\\WorkFlowFlow\\websocket-chat-ts-run\\game-server\\node_modules\\pinus\\dist\\lib\\common\\remote\\backend"},{"namespace":"user","serverType":"chat","path":"D:\\WorkFlowFlow\\websocket-chat-ts-run\\game-server\\dist\\app\\servers\\chat\\remote"}],"handlerPaths":["D:\\WorkFlowFlow\\websocket-chat-ts-run\\game-server\\dist\\app\\servers\\chat\\handler"],"pid":24396}}
[2021-08-06T15:05:42.701] [DEBUG] pinus - [gate-server-1 monitorwatcher.js] [gate-server-1] receive addServer signal: {"action":"addServer","server":{"main":"D:\\WorkFlowFlow\\websocket-chat-ts-run\\game-server\\dist\\app","env":"development","id":"connector-server-1","host":"127.0.0.1","port":4050,"clientPort":3050,"frontend":"true","args":"--inspect=10001","serverType":"connector","remoterPaths":[{"namespace":"sys","serverType":"connector","path":"D:\\WorkFlowFlow\\websocket-chat-ts-run\\game-server\\node_modules\\pinus\\dist\\lib\\common\\remote\\frontend"}],"handlerPaths":["D:\\WorkFlowFlow\\websocket-chat-ts-run\\game-server\\dist\\app\\servers\\connector\\handler"],"pid":24560}}
[2021-08-06T16:10:44.125] [INFO] pinus - [gate-server-1 application.js] application inited: "gate-server-1"
[2021-08-06T16:10:44.128] [INFO] logger - [gate-server-1 console] is not master
[2021-08-06T16:10:44.130] [DEBUG] pinus - [gate-server-1 protobuf.js] ProtobufComponent options: {}
[2021-08-06T16:10:44.134] [INFO] pinus - [gate-server-1 application.js] "gate-server-1" enter before start...
[2021-08-06T16:10:44.134] [INFO] pinus - [gate-server-1 application.js] "gate-server-1" enter start...
[2021-08-06T16:10:44.135] [INFO] logger - [gate-server-1 console] TestComponent  start gate-server-1
[2021-08-06T16:10:44.136] [INFO] logger - [gate-server-1 console] !!! crons config loaded
[2021-08-06T16:10:44.190] [INFO] pinus - [gate-server-1 application.js] "gate-server-1" enter after start...
[2021-08-06T16:10:44.194] [INFO] pinus - [gate-server-1 application.js] "gate-server-1" finish start
[2021-08-06T16:10:44.194] [INFO] pinus - [gate-server-1 application.js] "gate-server-1" startup in 66 ms
[2021-08-06T16:10:44.217] [DEBUG] pinus - [gate-server-1 monitorwatcher.js] [gate-server-1] receive addServer signal: {"action":"addServer","server":{"main":"D:\\WorkFlowFlow\\websocket-chat-ts-run\\game-server\\dist\\app","env":"development","id":"connector-server-1","host":"127.0.0.1","port":4050,"clientPort":3050,"frontend":"true","args":"--inspect=10001","serverType":"connector","remoterPaths":[{"namespace":"sys","serverType":"connector","path":"D:\\WorkFlowFlow\\websocket-chat-ts-run\\game-server\\node_modules\\pinus\\dist\\lib\\common\\remote\\frontend"}],"handlerPaths":["D:\\WorkFlowFlow\\websocket-chat-ts-run\\game-server\\dist\\app\\servers\\connector\\handler"],"pid":16876}}
[2021-08-06T16:11:48.018] [INFO] pinus - [gate-server-1 protobuf.js] change proto file , type : "client", path : "D:\\WorkFlowFlow\\websocket-chat-ts-run\\game-server\\dist\\config\\clientProtos.js", version : "z1COKCrXL3hCx6C95RXY3Q=="
[2021-08-06T16:11:48.030] [INFO] pinus - [gate-server-1 protobuf.js] change proto file , type : "server", path : "D:\\WorkFlowFlow\\websocket-chat-ts-run\\game-server\\dist\\config\\serverProtos.js", version : "z1COKCrXL3hCx6C95RXY3Q=="
[2021-08-06T17:28:55.775] [INFO] pinus - [gate-server-1 protobuf.js] change proto file , type : "server", path : "D:\\WorkFlowFlow\\websocket-chat-ts-run\\game-server\\dist\\config\\serverProtos.js", version : "z1COKCrXL3hCx6C95RXY3Q=="
[2021-08-06T17:28:55.778] [INFO] pinus - [gate-server-1 protobuf.js] change proto file , type : "client", path : "D:\\WorkFlowFlow\\websocket-chat-ts-run\\game-server\\dist\\config\\clientProtos.js", version : "z1COKCrXL3hCx6C95RXY3Q=="
[2021-08-09T10:52:30.193] [INFO] pinus - [gate-server-1 protobuf.js] change proto file , type : "client", path : "D:\\WorkFlowFlow\\websocket-chat-ts-run\\game-server\\dist\\config\\clientProtos.js", version : "z1COKCrXL3hCx6C95RXY3Q=="
[2021-08-09T10:52:30.218] [INFO] pinus - [gate-server-1 protobuf.js] change proto file , type : "server", path : "D:\\WorkFlowFlow\\websocket-chat-ts-run\\game-server\\dist\\config\\serverProtos.js", version : "z1COKCrXL3hCx6C95RXY3Q=="
[2021-08-13T13:16:17.626] [INFO] pinus - [gate-server-1 protobuf.js] change proto file , type : "client", path : "D:\\WorkFlowFlow\\websocket-chat-ts-run\\game-server\\dist\\config\\clientProtos.js", version : "z1COKCrXL3hCx6C95RXY3Q=="
[2021-08-13T13:16:17.631] [INFO] pinus - [gate-server-1 protobuf.js] change proto file , type : "server", path : "D:\\WorkFlowFlow\\websocket-chat-ts-run\\game-server\\dist\\config\\serverProtos.js", version : "z1COKCrXL3hCx6C95RXY3Q=="
[2021-08-13T13:16:36.682] [DEBUG] pinus - [gate-server-1 connector.js] [gate-server-1] getSession session is created with session id: 1
[2021-08-13T13:38:10.400] [INFO] pinus - [gate-server-1 application.js] application inited: "gate-server-1"
[2021-08-13T13:38:10.406] [INFO] logger - [gate-server-1 console] is not master
[2021-08-13T13:38:10.408] [DEBUG] pinus - [gate-server-1 protobuf.js] ProtobufComponent options: {}
[2021-08-13T13:38:10.411] [INFO] pinus - [gate-server-1 application.js] "gate-server-1" enter before start...
[2021-08-13T13:38:10.411] [INFO] pinus - [gate-server-1 application.js] "gate-server-1" enter start...
[2021-08-13T13:38:10.411] [INFO] logger - [gate-server-1 console] TestComponent  start gate-server-1
[2021-08-13T13:38:10.413] [INFO] logger - [gate-server-1 console] !!! crons config loaded
[2021-08-13T13:38:10.447] [INFO] pinus - [gate-server-1 application.js] "gate-server-1" enter after start...
[2021-08-13T13:38:10.450] [INFO] pinus - [gate-server-1 application.js] "gate-server-1" finish start
[2021-08-13T13:38:10.450] [INFO] pinus - [gate-server-1 application.js] "gate-server-1" startup in 43 ms
[2021-08-13T13:38:10.465] [DEBUG] pinus - [gate-server-1 monitorwatcher.js] [gate-server-1] receive addServer signal: {"action":"addServer","server":{"main":"D:\\WorkFlowFlow\\websocket-chat-ts-run\\game-server\\dist\\app","env":"development","id":"chat-server-1","host":"127.0.0.1","port":6050,"args":"--inspect=10002","serverType":"chat","remoterPaths":[{"namespace":"sys","serverType":"chat","path":"D:\\WorkFlowFlow\\websocket-chat-ts-run\\game-server\\node_modules\\pinus\\dist\\lib\\common\\remote\\backend"},{"namespace":"user","serverType":"chat","path":"D:\\WorkFlowFlow\\websocket-chat-ts-run\\game-server\\dist\\app\\servers\\chat\\remote"}],"handlerPaths":["D:\\WorkFlowFlow\\websocket-chat-ts-run\\game-server\\dist\\app\\servers\\chat\\handler"],"pid":14928}}
[2021-08-13T13:38:10.502] [DEBUG] pinus - [gate-server-1 monitorwatcher.js] [gate-server-1] receive addServer signal: {"action":"addServer","server":{"main":"D:\\WorkFlowFlow\\websocket-chat-ts-run\\game-server\\dist\\app","env":"development","id":"connector-server-1","host":"127.0.0.1","port":4050,"clientPort":3050,"frontend":"true","args":"--inspect=10001","serverType":"connector","remoterPaths":[{"namespace":"sys","serverType":"connector","path":"D:\\WorkFlowFlow\\websocket-chat-ts-run\\game-server\\node_modules\\pinus\\dist\\lib\\common\\remote\\frontend"}],"handlerPaths":["D:\\WorkFlowFlow\\websocket-chat-ts-run\\game-server\\dist\\app\\servers\\connector\\handler"],"pid":7456}}
[2021-08-13T13:38:29.895] [DEBUG] pinus - [gate-server-1 connector.js] [gate-server-1] getSession session is created with session id: 1
[2021-08-13T13:38:42.522] [DEBUG] pinus - [gate-server-1 switcher.js] connection error:read ECONNRESET, the remote ip is ::1 && port is 55930
[2021-08-13T13:38:42.523] [DEBUG] pinus - [gate-server-1 sessionService.js] session on [gate-server-1] is closed with session id: 1,uid:null,reason:1001
